GarbageCollection monitor: Register PS Scavenge for [PS Eden Space, PS Survivor Space]
GarbageCollection monitor: Register PS MarkSweep for [PS Eden Space, PS Survivor Space, PS Old Gen]
2022-02-11T09:36:40.051+0800: 60.569: [GC (Allocation Failure) [PSYoungGen: 1272530K->50939K(1315328K)] 1487095K->321797K(1615360K), 0.069 secs] [Times: real=0.069 secs] [pid: 13688] [timestamp: 1644543400051] [node: ]
2022-02-11T09:36:40.120+0800: 60.638: [Full GC (Ergonomics) [PSYoungGen: 50939K->5109K(1315328K)] [ParOldGen: 270857K->299683K(553984K)] 321797K->304792K(1869312K), [Metaspace: 141525K->141203K(144088K)], 0.985 secs] [Times: real=0.985 secs] [pid: 13688] [timestamp: 1644543400120] [node: ]
2022-02-11T09:36:41.208+0800: 61.726: [GC (Allocation Failure) [PSYoungGen: 1240573K->66039K(1299456K)] 1540257K->432378K(1853440K), 0.078 secs] [Times: real=0.078 secs] [pid: 13688] [timestamp: 1644543401208] [node: ]
2022-02-11T09:36:41.374+0800: 61.892: [GC (Allocation Failure) [PSYoungGen: 1276310K->72164K(1299968K)] 1642649K->504256K(1853952K), 0.047 secs] [Times: real=0.047 secs] [pid: 13688] [timestamp: 1644543401374] [node: ]
2022-02-11T09:36:41.555+0800: 62.073: [Full GC (Ergonomics) [PSYoungGen: 1279538K->0K(1299968K)] [ParOldGen: 497884K->358190K(681984K)] 1777423K->358190K(1981952K), [Metaspace: 141366K->141217K(144088K)], 0.452 secs] [Times: real=0.452 secs] [pid: 13688] [timestamp: 1644543401555] [node: ]
2022-02-11T09:36:42.255+0800: 62.773: [Full GC (Ergonomics) [PSYoungGen: 1227776K->0K(1299968K)] [ParOldGen: 719284K->301088K(675328K)] 1947060K->301088K(1975296K), [Metaspace: 141333K->141333K(144088K)], 0.448 secs] [Times: real=0.448 secs] [pid: 13688] [timestamp: 1644543402255] [node: ]
2022-02-11T09:36:42.813+0800: 63.331: [GC (Allocation Failure) [PSYoungGen: 1219765K->66208K(1287680K)] 1520853K->433089K(1963008K), 0.028 secs] [Times: real=0.028 secs] [pid: 13688] [timestamp: 1644543402813] [node: ]
2022-02-11T09:36:42.950+0800: 63.468: [GC (Allocation Failure) [PSYoungGen: 1245734K->68350K(1267712K)] 1612615K->468128K(1943040K), 0.016 secs] [Times: real=0.016 secs] [pid: 13688] [timestamp: 1644543402950] [node: ]
2022-02-11T09:36:43.226+0800: 63.744: [GC (Allocation Failure) [PSYoungGen: 1258237K->74723K(1276928K)] 1658015K->474501K(1952256K), 0.013 secs] [Times: real=0.013 secs] [pid: 13688] [timestamp: 1644543403226] [node: ]
2022-02-11T09:36:43.333+0800: 63.851: [GC (Allocation Failure) [PSYoungGen: 1226256K->9296K(1187328K)] 1626034K->409074K(1862656K), 0.007 secs] [Times: real=0.007 secs] [pid: 13688] [timestamp: 1644543403333] [node: ]
2022-02-11T09:36:43.410+0800: 63.928: [GC (Allocation Failure) [PSYoungGen: 1155669K->75024K(1271296K)] 1555446K->474810K(1946624K), 0.012 secs] [Times: real=0.012 secs] [pid: 13688] [timestamp: 1644543403410] [node: ]
2022-02-11T09:36:43.497+0800: 64.015: [GC (Allocation Failure) [PSYoungGen: 1223549K->76672K(1242112K)] 1623334K->476466K(1917440K), 0.014 secs] [Times: real=0.014 secs] [pid: 13688] [timestamp: 1644543403497] [node: ]
2022-02-11T09:36:43.590+0800: 64.108: [GC (Allocation Failure) [PSYoungGen: 1224765K->9548K(1272320K)] 1624559K->409342K(1947648K), 0.006 secs] [Times: real=0.006 secs] [pid: 13688] [timestamp: 1644543403590] [node: ]
2022-02-11T09:36:43.676+0800: 64.194: [GC (Allocation Failure) [PSYoungGen: 1162262K->75632K(1231872K)] 1562055K->475426K(1907200K), 0.015 secs] [Times: real=0.015 secs] [pid: 13688] [timestamp: 1644543403676] [node: ]
2022-02-11T09:36:43.799+0800: 64.317: [GC (Allocation Failure) [PSYoungGen: 1217762K->1696K(1266176K)] 1617556K->401497K(1941504K), 0.011 secs] [Times: real=0.011 secs] [pid: 13688] [timestamp: 1644543403799] [node: ]
2022-02-11T09:36:44.135+0800: 64.653: [GC (Allocation Failure) [PSYoungGen: 1147439K->68754K(1214976K)] 1547241K->468555K(1890304K), 0.014 secs] [Times: real=0.014 secs] [pid: 13688] [timestamp: 1644543404135] [node: ]
2022-02-11T09:36:44.218+0800: 64.736: [GC (Allocation Failure) [PSYoungGen: 1183510K->36192K(1271808K)] 1583312K->436001K(1947136K), 0.01 secs] [Times: real=0.01 secs] [pid: 13688] [timestamp: 1644543404218] [node: ]
2022-02-11T09:36:44.299+0800: 64.817: [GC (Allocation Failure) [PSYoungGen: 1181133K->36096K(1185280K)] 1580943K->435905K(1860608K), 0.011 secs] [Times: real=0.011 secs] [pid: 13688] [timestamp: 1644543404299] [node: ]
2022-02-11T09:36:44.403+0800: 64.921: [GC (Allocation Failure) [PSYoungGen: 1182368K->101760K(1245184K)] 1582178K->501570K(1920512K), 0.018 secs] [Times: real=0.018 secs] [pid: 13688] [timestamp: 1644543404403] [node: ]
2022-02-11T09:36:44.524+0800: 65.042: [GC (Allocation Failure) [PSYoungGen: 1215295K->69152K(1260032K)] 1615104K->468962K(1935360K), 0.017 secs] [Times: real=0.017 secs] [pid: 13688] [timestamp: 1644543404524] [node: ]
2022-02-11T09:36:44.682+0800: 65.2: [GC (Allocation Failure) [PSYoungGen: 1189121K->36690K(1252864K)] 1588931K->436499K(1928192K), 0.017 secs] [Times: real=0.017 secs] [pid: 13688] [timestamp: 1644543404682] [node: ]
2022-02-11T09:36:44.799+0800: 65.317: [GC (Allocation Failure) [PSYoungGen: 1155515K->3456K(1257984K)] 1555325K->403385K(1933312K), 0.013 secs] [Times: real=0.013 secs] [pid: 13688] [timestamp: 1644543404799] [node: ]
2022-02-11T09:36:44.907+0800: 65.425: [GC (Allocation Failure) [PSYoungGen: 1118153K->102297K(1240064K)] 1518083K->502258K(1915392K), 0.02 secs] [Times: real=0.02 secs] [pid: 13688] [timestamp: 1644543404907] [node: ]
2022-02-11T09:36:45.018+0800: 65.536: [GC (Allocation Failure) [PSYoungGen: 1219493K->3488K(1253376K)] 1619455K->403473K(1928704K), 0.012 secs] [Times: real=0.012 secs] [pid: 13688] [timestamp: 1644543405018] [node: ]
2022-02-11T09:36:45.102+0800: 65.62: [GC (Allocation Failure) [PSYoungGen: 1114055K->36064K(1239552K)] 1514040K->436185K(1914880K), 0.011 secs] [Times: real=0.011 secs] [pid: 13688] [timestamp: 1644543405102] [node: ]
2022-02-11T09:36:45.194+0800: 65.712: [GC (Allocation Failure) [PSYoungGen: 1152165K->68923K(1246720K)] 1552287K->469252K(1922048K), 0.014 secs] [Times: real=0.014 secs] [pid: 13688] [timestamp: 1644543405194] [node: ]
2022-02-11T09:36:45.275+0800: 65.793: [GC (Allocation Failure) [PSYoungGen: 1186461K->36704K(1249280K)] 1586790K->437065K(1924608K), 0.01 secs] [Times: real=0.01 secs] [pid: 13688] [timestamp: 1644543405275] [node: ]
2022-02-11T09:36:45.362+0800: 65.88: [GC (Allocation Failure) [PSYoungGen: 1150856K->71313K(1254912K)] 1551218K->471809K(1930240K), 0.016 secs] [Times: real=0.016 secs] [pid: 13688] [timestamp: 1644543405362] [node: ]
2022-02-11T09:36:45.457+0800: 65.975: [GC (Allocation Failure) [PSYoungGen: 1186590K->36128K(1256448K)] 1587086K->437103K(1931776K), 0.01 secs] [Times: real=0.01 secs] [pid: 13688] [timestamp: 1644543405457] [node: ]
2022-02-11T09:36:45.585+0800: 66.103: [GC (Allocation Failure) [PSYoungGen: 1156399K->68209K(1260544K)] 1557375K->469577K(1935872K), 0.019 secs] [Times: real=0.019 secs] [pid: 13688] [timestamp: 1644543405585] [node: ]
2022-02-11T09:36:45.694+0800: 66.212: [GC (Allocation Failure) [PSYoungGen: 1209289K->1152K(1266688K)] 1610657K->403671K(1942016K), 0.011 secs] [Times: real=0.011 secs] [pid: 13688] [timestamp: 1644543405694] [node: ]
2022-02-11T09:36:45.816+0800: 66.334: [GC (Allocation Failure) [PSYoungGen: 1116724K->34118K(1182208K)] 1519244K->436885K(1857536K), 0.012 secs] [Times: real=0.012 secs] [pid: 13688] [timestamp: 1644543405816] [node: ]
2022-02-11T09:36:45.911+0800: 66.429: [GC (Allocation Failure) [PSYoungGen: 1176409K->33829K(1269248K)] 1579176K->436813K(1944576K), 0.01 secs] [Times: real=0.01 secs] [pid: 13688] [timestamp: 1644543405911] [node: ]
2022-02-11T09:36:46.004+0800: 66.522: [GC (Allocation Failure) [PSYoungGen: 1179384K->34042K(1264128K)] 1582368K->437057K(1939456K), 0.018 secs] [Times: real=0.018 secs] [pid: 13688] [timestamp: 1644543406004] [node: ]
2022-02-11T09:36:46.111+0800: 66.629: [GC (Allocation Failure) [PSYoungGen: 1178975K->34030K(1273856K)] 1581990K->437078K(1949184K), 0.014 secs] [Times: real=0.014 secs] [pid: 13688] [timestamp: 1644543406111] [node: ]
2022-02-11T09:36:46.203+0800: 66.721: [GC (Allocation Failure) [PSYoungGen: 1181512K->34160K(1268736K)] 1584560K->437271K(1944064K), 0.016 secs] [Times: real=0.016 secs] [pid: 13688] [timestamp: 1644543406203] [node: ]
2022-02-11T09:36:46.305+0800: 66.823: [GC (Allocation Failure) [PSYoungGen: 1180060K->66820K(1274880K)] 1583172K->502885K(1950208K), 0.024 secs] [Times: real=0.024 secs] [pid: 13688] [timestamp: 1644543406305] [node: ]
2022-02-11T09:36:46.413+0800: 66.931: [GC (Allocation Failure) [PSYoungGen: 1245974K->66833K(1279488K)] 1682039K->502945K(1954816K), 0.014 secs] [Times: real=0.014 secs] [pid: 13688] [timestamp: 1644543406413] [node: ]
2022-02-11T09:36:46.501+0800: 67.019: [GC (Allocation Failure) [PSYoungGen: 1242953K->33876K(1285120K)] 1679065K->470028K(1960448K), 0.011 secs] [Times: real=0.011 secs] [pid: 13688] [timestamp: 1644543406501] [node: ]
2022-02-11T09:36:46.615+0800: 67.133: [GC (Allocation Failure) [PSYoungGen: 1215048K->1302K(1285632K)] 1651200K->437502K(1960960K), 0.009 secs] [Times: real=0.009 secs] [pid: 13688] [timestamp: 1644543406615] [node: ]
2022-02-11T09:36:46.769+0800: 67.287: [GC (Allocation Failure) [PSYoungGen: 1181867K->34202K(1281536K)] 1618067K->470490K(1956864K), 0.021 secs] [Times: real=0.021 secs] [pid: 13688] [timestamp: 1644543406769] [node: ]
2022-02-11T09:36:46.934+0800: 67.452: [GC (Allocation Failure) [PSYoungGen: 1218696K->1632K(1284608K)] 1654985K->437952K(1959936K), 0.019 secs] [Times: real=0.019 secs] [pid: 13688] [timestamp: 1644543406934] [node: ]
2022-02-11T09:36:47.115+0800: 67.633: [GC (Allocation Failure) [PSYoungGen: 1186399K->34565K(1282048K)] 1622720K->470910K(1957376K), 0.029 secs] [Times: real=0.029 secs] [pid: 13688] [timestamp: 1644543407115] [node: ]
2022-02-11T09:36:47.300+0800: 67.818: [GC (Allocation Failure) [PSYoungGen: 1216710K->1904K(1287168K)] 1653054K->438280K(1962496K), 0.01 secs] [Times: real=0.01 secs] [pid: 13688] [timestamp: 1644543407300] [node: ]
2022-02-11T09:36:47.449+0800: 67.967: [GC (Allocation Failure) [PSYoungGen: 1184405K->34784K(1288704K)] 1620781K->471352K(1964032K), 0.065 secs] [Times: real=0.065 secs] [pid: 13688] [timestamp: 1644543407449] [node: ]
2022-02-11T09:36:47.649+0800: 68.167: [GC (Allocation Failure) [PSYoungGen: 1219074K->2148K(1293312K)] 1655642K->438804K(1968640K), 0.03 secs] [Times: real=0.03 secs] [pid: 13688] [timestamp: 1644543407649] [node: ]
2022-02-11T09:36:47.828+0800: 68.346: [GC (Allocation Failure) [PSYoungGen: 1183326K->35008K(1295360K)] 1619983K->471912K(1970688K), 0.036 secs] [Times: real=0.036 secs] [pid: 13688] [timestamp: 1644543407828] [node: ]
2022-02-11T09:36:48.032+0800: 68.55: [GC (Allocation Failure) [PSYoungGen: 1227632K->2720K(1298944K)] 1664536K->439680K(1974272K), 0.022 secs] [Times: real=0.022 secs] [pid: 13688] [timestamp: 1644543408032] [node: ]
2022-02-11T09:36:48.188+0800: 68.706: [GC (Allocation Failure) [PSYoungGen: 1188875K->35872K(1300480K)] 1625836K->472928K(1975808K), 0.037 secs] [Times: real=0.037 secs] [pid: 13688] [timestamp: 1644543408188] [node: ]
2022-02-11T09:36:48.387+0800: 68.905: [GC (Allocation Failure) [PSYoungGen: 1256241K->36224K(1303552K)] 1693298K->473328K(1978880K), 0.027 secs] [Times: real=0.027 secs] [pid: 13688] [timestamp: 1644543408387] [node: ]
2022-02-11T09:36:48.563+0800: 69.081: [GC (Allocation Failure) [PSYoungGen: 1259557K->36688K(1304064K)] 1696662K->473824K(1979392K), 0.016 secs] [Times: real=0.016 secs] [pid: 13688] [timestamp: 1644543408563] [node: ]
2022-02-11T09:36:48.656+0800: 69.174: [GC (Allocation Failure) [PSYoungGen: 1247878K->36759K(1307136K)] 1685015K->473936K(1982464K), 0.014 secs] [Times: real=0.014 secs] [pid: 13688] [timestamp: 1644543408656] [node: ]
2022-02-11T09:36:48.762+0800: 69.28: [GC (Allocation Failure) [PSYoungGen: 1250730K->37024K(1309184K)] 1687906K->474232K(1984512K), 0.012 secs] [Times: real=0.012 secs] [pid: 13688] [timestamp: 1644543408762] [node: ]
2022-02-11T09:36:48.862+0800: 69.38: [GC (Allocation Failure) [PSYoungGen: 1255772K->70464K(1310720K)] 1692980K->540465K(1986048K), 0.023 secs] [Times: real=0.023 secs] [pid: 13688] [timestamp: 1644543408862] [node: ]
2022-02-11T09:36:48.993+0800: 69.511: [GC (Allocation Failure) [PSYoungGen: 1289544K->70688K(1285120K)] 1759544K->573529K(1960448K), 0.035 secs] [Times: real=0.035 secs] [pid: 13688] [timestamp: 1644543408993] [node: ]
2022-02-11T09:36:49.119+0800: 69.637: [GC (Allocation Failure) [PSYoungGen: 1250427K->70592K(1277952K)] 1753267K->573697K(1953280K), 0.025 secs] [Times: real=0.025 secs] [pid: 13688] [timestamp: 1644543409119] [node: ]
2022-02-11T09:36:49.248+0800: 69.766: [GC (Allocation Failure) [PSYoungGen: 1252468K->37792K(1295872K)] 1755572K->541128K(1971200K), 0.016 secs] [Times: real=0.016 secs] [pid: 13688] [timestamp: 1644543409248] [node: ]
2022-02-11T09:36:49.387+0800: 69.905: [GC (Allocation Failure) [PSYoungGen: 1216189K->70656K(1269760K)] 1719526K->574072K(1945088K), 0.017 secs] [Times: real=0.017 secs] [pid: 13688] [timestamp: 1644543409387] [node: ]
2022-02-11T09:36:49.516+0800: 70.034: [GC (Allocation Failure) [PSYoungGen: 1250390K->70688K(1282048K)] 1753807K->607177K(1957376K), 0.023 secs] [Times: real=0.023 secs] [pid: 13688] [timestamp: 1644543409516] [node: ]
2022-02-11T09:36:49.645+0800: 70.163: [GC (Allocation Failure) [PSYoungGen: 1254432K->70752K(1254912K)] 1790921K->607417K(1930240K), 0.023 secs] [Times: real=0.023 secs] [pid: 13688] [timestamp: 1644543409645] [node: ]
2022-02-11T09:36:49.777+0800: 70.295: [GC (Allocation Failure) [PSYoungGen: 1252896K->37632K(1286144K)] 1789561K->574616K(1961472K), 0.025 secs] [Times: real=0.025 secs] [pid: 13688] [timestamp: 1644543409777] [node: ]
2022-02-11T09:36:49.900+0800: 70.418: [GC (Allocation Failure) [PSYoungGen: 1185664K->70368K(1282560K)] 1722649K->640481K(1957888K), 0.029 secs] [Times: real=0.029 secs] [pid: 13688] [timestamp: 1644543409900] [node: ]
2022-02-11T09:36:50.108+0800: 70.626: [GC (Allocation Failure) [PSYoungGen: 1220813K->37412K(1282560K)] 1790926K->608093K(1957888K), 0.03 secs] [Times: real=0.03 secs] [pid: 13688] [timestamp: 1644543410108] [node: ]
2022-02-11T09:36:50.236+0800: 70.754: [GC (Allocation Failure) [PSYoungGen: 1214672K->69696K(1283072K)] 1785352K->640809K(1958400K), 0.021 secs] [Times: real=0.021 secs] [pid: 13688] [timestamp: 1644543410236] [node: ]
2022-02-11T09:36:50.486+0800: 71.004: [GC (Allocation Failure) [PSYoungGen: 1220323K->4224K(1278976K)] 1791435K->575768K(1954304K), 0.012 secs] [Times: real=0.012 secs] [pid: 13688] [timestamp: 1644543410486] [node: ]
2022-02-11T09:36:50.654+0800: 71.172: [GC (Allocation Failure) [PSYoungGen: 1151152K->4288K(1179136K)] 1722697K->576232K(1854464K), 0.018 secs] [Times: real=0.018 secs] [pid: 13688] [timestamp: 1644543410654] [node: ]
2022-02-11T09:36:50.893+0800: 71.411: [GC (Allocation Failure) [PSYoungGen: 1163719K->5014K(1280512K)] 1735663K->577159K(1955840K), 0.02 secs] [Times: real=0.02 secs] [pid: 13688] [timestamp: 1644543410893] [node: ]
2022-02-11T09:36:51.013+0800: 71.531: [GC (Allocation Failure) [PSYoungGen: 1150988K->4704K(1177600K)] 1723133K->577128K(1852928K), 0.022 secs] [Times: real=0.022 secs] [pid: 13688] [timestamp: 1644543411013] [node: ]
2022-02-11T09:36:51.138+0800: 71.656: [GC (Allocation Failure) [PSYoungGen: 1150159K->69952K(1269760K)] 1722584K->642800K(1945088K), 0.023 secs] [Times: real=0.023 secs] [pid: 13688] [timestamp: 1644543411138] [node: ]
2022-02-11T09:36:51.268+0800: 71.786: [GC (Allocation Failure) [PSYoungGen: 1216288K->3872K(1275904K)] 1789136K->577136K(1951232K), 0.017 secs] [Times: real=0.017 secs] [pid: 13688] [timestamp: 1644543411268] [node: ]
2022-02-11T09:36:51.418+0800: 71.936: [GC (Allocation Failure) [PSYoungGen: 1157390K->4000K(1269248K)] 1730655K->577536K(1944576K), 0.017 secs] [Times: real=0.017 secs] [pid: 13688] [timestamp: 1644543411418] [node: ]
2022-02-11T09:36:51.517+0800: 72.035: [GC (Allocation Failure) [PSYoungGen: 1149042K->69472K(1273344K)] 1722578K->643273K(1948672K), 0.02 secs] [Times: real=0.02 secs] [pid: 13688] [timestamp: 1644543411517] [node: ]
2022-02-11T09:36:51.640+0800: 72.158: [GC (Allocation Failure) [PSYoungGen: 1217754K->3647K(1275904K)] 1791555K->577623K(1951232K), 0.012 secs] [Times: real=0.012 secs] [pid: 13688] [timestamp: 1644543411640] [node: ]
2022-02-11T09:36:51.766+0800: 72.284: [GC (Allocation Failure) [PSYoungGen: 1141986K->36287K(1197568K)] 1715962K->610455K(1872896K), 0.022 secs] [Times: real=0.022 secs] [pid: 13688] [timestamp: 1644543411766] [node: ]
2022-02-11T09:36:51.869+0800: 72.387: [GC (Allocation Failure) [PSYoungGen: 1175097K->101791K(1246720K)] 1749265K->676080K(1922048K), 0.024 secs] [Times: real=0.024 secs] [pid: 13688] [timestamp: 1644543411869] [node: ]
2022-02-11T09:36:51.978+0800: 72.496: [GC (Allocation Failure) [PSYoungGen: 1240736K->36031K(1264640K)] 1815025K->610431K(1939968K), 0.015 secs] [Times: real=0.015 secs] [pid: 13688] [timestamp: 1644543411978] [node: ]
2022-02-11T09:36:52.067+0800: 72.585: [GC (Allocation Failure) [PSYoungGen: 1174777K->101503K(1241600K)] 1749178K->676104K(1916928K), 0.018 secs] [Times: real=0.018 secs] [pid: 13688] [timestamp: 1644543412067] [node: ]
2022-02-11T09:36:52.155+0800: 72.673: [GC (Allocation Failure) [PSYoungGen: 1206707K->2783K(1256960K)] 1781307K->577711K(1932288K), 0.011 secs] [Times: real=0.011 secs] [pid: 13688] [timestamp: 1644543412155] [node: ]
2022-02-11T09:36:52.234+0800: 72.752: [GC (Allocation Failure) [PSYoungGen: 1108493K->35487K(1239552K)] 1683421K->610487K(1914880K), 0.012 secs] [Times: real=0.012 secs] [pid: 13688] [timestamp: 1644543412234] [node: ]
2022-02-11T09:36:52.316+0800: 72.834: [GC (Allocation Failure) [PSYoungGen: 1140717K->67615K(1248768K)] 1715717K->643275K(1924096K), 0.014 secs] [Times: real=0.014 secs] [pid: 13688] [timestamp: 1644543412316] [node: ]
2022-02-11T09:36:52.394+0800: 72.912: [GC (Allocation Failure) [PSYoungGen: 1173060K->100063K(1238528K)] 1748720K->676216K(1913856K), 0.016 secs] [Times: real=0.016 secs] [pid: 13688] [timestamp: 1644543412394] [node: ]
2022-02-11T09:36:52.475+0800: 72.993: [GC (Allocation Failure) [PSYoungGen: 1205452K->66463K(1251328K)] 1781605K->643264K(1926656K), 0.012 secs] [Times: real=0.012 secs] [pid: 13688] [timestamp: 1644543412475] [node: ]
2022-02-11T09:36:52.550+0800: 73.068: [GC (Allocation Failure) [PSYoungGen: 1172183K->99263K(1234432K)] 1748983K->676208K(1909760K), 0.018 secs] [Times: real=0.018 secs] [pid: 13688] [timestamp: 1644543412550] [node: ]
2022-02-11T09:36:52.630+0800: 73.148: [GC (Allocation Failure) [PSYoungGen: 1171472K->99167K(1199104K)] 1748417K->676208K(1874432K), 0.016 secs] [Times: real=0.016 secs] [pid: 13688] [timestamp: 1644543412630] [node: ]
2022-02-11T09:36:52.705+0800: 73.223: [GC (Allocation Failure) [PSYoungGen: 1171626K->99071K(1226752K)] 1748667K->676232K(1902080K), 0.015 secs] [Times: real=0.015 secs] [pid: 13688] [timestamp: 1644543412705] [node: ]
2022-02-11T09:36:52.779+0800: 73.297: [GC (Allocation Failure) [PSYoungGen: 1142937K->65919K(1141248K)] 1720098K->643360K(1816576K), 0.012 secs] [Times: real=0.012 secs] [pid: 13688] [timestamp: 1644543412779] [node: ]
2022-02-11T09:36:52.851+0800: 73.369: [GC (Allocation Failure) [PSYoungGen: 1137735K->65823K(1236480K)] 1715176K->643392K(1911808K), 0.012 secs] [Times: real=0.012 secs] [pid: 13688] [timestamp: 1644543412851] [node: ]
2022-02-11T09:36:52.921+0800: 73.439: [GC (Allocation Failure) [PSYoungGen: 1137642K->65792K(1228800K)] 1715211K->643416K(1904128K), 0.012 secs] [Times: real=0.012 secs] [pid: 13688] [timestamp: 1644543412921] [node: ]
2022-02-11T09:36:52.993+0800: 73.511: [GC (Allocation Failure) [PSYoungGen: 1137878K->65728K(1239552K)] 1715502K->643446K(1914880K), 0.011 secs] [Times: real=0.011 secs] [pid: 13688] [timestamp: 1644543412993] [node: ]
2022-02-11T09:36:53.062+0800: 73.58: [GC (Allocation Failure) [PSYoungGen: 1170911K->98624K(1232896K)] 1748630K->676351K(1908224K), 0.014 secs] [Times: real=0.014 secs] [pid: 13688] [timestamp: 1644543413062] [node: ]
2022-02-11T09:36:53.140+0800: 73.658: [GC (Allocation Failure) [PSYoungGen: 1203840K->65888K(1255424K)] 1781566K->643623K(1930752K), 0.011 secs] [Times: real=0.011 secs] [pid: 13688] [timestamp: 1644543413140] [node: ]
2022-02-11T09:36:53.212+0800: 73.73: [GC (Allocation Failure) [PSYoungGen: 1171659K->32992K(1254912K)] 1749394K->610734K(1930240K), 0.008 secs] [Times: real=0.008 secs] [pid: 13688] [timestamp: 1644543413212] [node: ]
2022-02-11T09:36:53.281+0800: 73.799: [GC (Allocation Failure) [PSYoungGen: 1138449K->65728K(1249280K)] 1716192K->643478K(1924608K), 0.011 secs] [Times: real=0.011 secs] [pid: 13688] [timestamp: 1644543413281] [node: ]
2022-02-11T09:36:53.368+0800: 73.886: [GC (Allocation Failure) [PSYoungGen: 1171902K->32960K(1254912K)] 1749652K->610718K(1930240K), 0.01 secs] [Times: real=0.01 secs] [pid: 13688] [timestamp: 1644543413368] [node: ]
2022-02-11T09:36:53.468+0800: 73.986: [GC (Allocation Failure) [PSYoungGen: 1138806K->160K(1259008K)] 1716564K->577926K(1934336K), 0.006 secs] [Times: real=0.006 secs] [pid: 13688] [timestamp: 1644543413468] [node: ]
2022-02-11T09:36:53.568+0800: 74.086: [GC (Allocation Failure) [PSYoungGen: 1106180K->32896K(1263104K)] 1683947K->610678K(1938432K), 0.008 secs] [Times: real=0.008 secs] [pid: 13688] [timestamp: 1644543413568] [node: ]
2022-02-11T09:36:53.667+0800: 74.185: [GC (Allocation Failure) [PSYoungGen: 1138715K->128K(1262080K)] 1716498K->577918K(1937408K), 0.006 secs] [Times: real=0.006 secs] [pid: 13688] [timestamp: 1644543413667] [node: ]
2022-02-11T09:36:53.766+0800: 74.284: [GC (Allocation Failure) [PSYoungGen: 1108574K->32960K(1172992K)] 1686364K->610758K(1848320K), 0.01 secs] [Times: real=0.01 secs] [pid: 13688] [timestamp: 1644543413766] [node: ]
2022-02-11T09:36:53.870+0800: 74.388: [GC (Allocation Failure) [PSYoungGen: 1171474K->32928K(1266176K)] 1749273K->610734K(1941504K), 0.008 secs] [Times: real=0.008 secs] [pid: 13688] [timestamp: 1644543413870] [node: ]
2022-02-11T09:36:53.989+0800: 74.507: [GC (Allocation Failure) [PSYoungGen: 1175458K->33152K(1261056K)] 1753265K->610974K(1936384K), 0.009 secs] [Times: real=0.009 secs] [pid: 13688] [timestamp: 1644543413989] [node: ]
2022-02-11T09:36:54.107+0800: 74.625: [GC (Allocation Failure) [PSYoungGen: 1172016K->33152K(1269248K)] 1749839K->610998K(1944576K), 0.012 secs] [Times: real=0.012 secs] [pid: 13688] [timestamp: 1644543414107] [node: ]
2022-02-11T09:36:54.268+0800: 74.786: [GC (Allocation Failure) [PSYoungGen: 1172280K->33152K(1264640K)] 1750127K->611014K(1939968K), 0.011 secs] [Times: real=0.011 secs] [pid: 13688] [timestamp: 1644543414268] [node: ]
2022-02-11T09:36:54.377+0800: 74.895: [GC (Allocation Failure) [PSYoungGen: 1172721K->33216K(1278976K)] 1750583K->611094K(1954304K), 0.014 secs] [Times: real=0.014 secs] [pid: 13688] [timestamp: 1644543414377] [node: ]
2022-02-11T09:36:54.512+0800: 75.03: [GC (Allocation Failure) [PSYoungGen: 1206058K->512K(1274880K)] 1783936K->578438K(1950208K), 0.01 secs] [Times: real=0.01 secs] [pid: 13688] [timestamp: 1644543414512] [node: ]
2022-02-11T09:36:54.633+0800: 75.151: [GC (Allocation Failure) [PSYoungGen: 1173474K->33312K(1284096K)] 1751401K->611246K(1959424K), 0.011 secs] [Times: real=0.011 secs] [pid: 13688] [timestamp: 1644543414633] [node: ]
2022-02-11T09:36:54.753+0800: 75.271: [GC (Allocation Failure) [PSYoungGen: 1208133K->416K(1287168K)] 1786067K->578366K(1962496K), 0.008 secs] [Times: real=0.008 secs] [pid: 13688] [timestamp: 1644543414753] [node: ]
2022-02-11T09:36:54.882+0800: 75.4: [GC (Allocation Failure) [PSYoungGen: 1174518K->33216K(1286144K)] 1752469K->611182K(1961472K), 0.016 secs] [Times: real=0.016 secs] [pid: 13688] [timestamp: 1644543414882] [node: ]
2022-02-11T09:36:55.013+0800: 75.531: [GC (Allocation Failure) [PSYoungGen: 1209733K->800K(1291264K)] 1787699K->578782K(1966592K), 0.016 secs] [Times: real=0.016 secs] [pid: 13688] [timestamp: 1644543415013] [node: ]
2022-02-11T09:36:55.140+0800: 75.658: [GC (Allocation Failure) [PSYoungGen: 1174733K->33504K(1293824K)] 1752716K->611510K(1969152K), 0.011 secs] [Times: real=0.011 secs] [pid: 13688] [timestamp: 1644543415140] [node: ]
2022-02-11T09:36:55.288+0800: 75.806: [GC (Allocation Failure) [PSYoungGen: 1241452K->33504K(1297920K)] 1819459K->611518K(1973248K), 0.015 secs] [Times: real=0.015 secs] [pid: 13688] [timestamp: 1644543415288] [node: ]
2022-02-11T09:36:55.431+0800: 75.949: [GC (Allocation Failure) [PSYoungGen: 1241574K->33824K(1298944K)] 1819589K->611846K(1974272K), 0.01 secs] [Times: real=0.01 secs] [pid: 13688] [timestamp: 1644543415431] [node: ]
2022-02-11T09:36:55.542+0800: 76.06: [GC (Allocation Failure) [PSYoungGen: 1241261K->33632K(1302528K)] 1819283K->611662K(1977856K), 0.014 secs] [Times: real=0.014 secs] [pid: 13688] [timestamp: 1644543415542] [node: ]
2022-02-11T09:36:55.667+0800: 76.185: [GC (Allocation Failure) [PSYoungGen: 1240155K->33568K(1307136K)] 1818186K->611606K(1982464K), 0.012 secs] [Times: real=0.012 secs] [pid: 13688] [timestamp: 1644543415667] [node: ]
2022-02-11T09:36:55.793+0800: 76.311: [GC (Allocation Failure) [PSYoungGen: 1273985K->768K(1310720K)] 1852024K->578814K(1986048K), 0.01 secs] [Times: real=0.01 secs] [pid: 13688] [timestamp: 1644543415793] [node: ]
2022-02-11T09:36:55.906+0800: 76.424: [GC (Allocation Failure) [PSYoungGen: 1240627K->33440K(1316352K)] 1818674K->611606K(1991680K), 0.012 secs] [Times: real=0.012 secs] [pid: 13688] [timestamp: 1644543415906] [node: ]
2022-02-11T09:36:56.033+0800: 76.551: [GC (Allocation Failure) [PSYoungGen: 1272612K->704K(1317376K)] 1850779K->578886K(1992704K), 0.009 secs] [Times: real=0.009 secs] [pid: 13688] [timestamp: 1644543416033] [node: ]
2022-02-11T09:36:56.146+0800: 76.664: [GC (Allocation Failure) [PSYoungGen: 1240005K->33472K(1318912K)] 1818188K->611662K(1994240K), 0.013 secs] [Times: real=0.013 secs] [pid: 13688] [timestamp: 1644543416146] [node: ]
2022-02-11T09:36:56.265+0800: 76.783: [GC (Allocation Failure) [PSYoungGen: 1272725K->640K(1319424K)] 1850915K->578878K(1994752K), 0.01 secs] [Times: real=0.01 secs] [pid: 13688] [timestamp: 1644543416265] [node: ]
2022-02-11T09:44:11.162+0800: 511.68: [GC (GCLocker Initiated GC) [PSYoungGen: 1251846K->8014K(1318912K)] 1831605K->587821K(1994240K), 0.027 secs] [Times: real=0.027 secs] [pid: 13688] [timestamp: 1644543851162] [node: ]
2022-02-11T09:51:12.907+0800: 933.425: [GC (Allocation Failure) [PSYoungGen: 1261902K->66034K(1319936K)] 1841711K->725056K(1995264K), 0.047 secs] [Times: real=0.047 secs] [pid: 13688] [timestamp: 1644544272907] [node: ]
2022-02-11T09:51:12.954+0800: 933.472: [Full GC (Ergonomics) [PSYoungGen: 66034K->0K(1319936K)] [ParOldGen: 659022K->380764K(776704K)] 725056K->380764K(2096640K), [Metaspace: 166561K->166557K(169688K)], 0.637 secs] [Times: real=0.637 secs] [pid: 13688] [timestamp: 1644544272954] [node: ]
GarbageCollection monitor: Register PS Scavenge for [PS Eden Space, PS Survivor Space]
GarbageCollection monitor: Register PS MarkSweep for [PS Eden Space, PS Survivor Space, PS Old Gen]
2022-02-11T10:56:24.680+0800: 133.142: [GC (Metadata GC Threshold) [PSYoungGen: 956788K->44167K(1312256K)] 1199615K->305243K(1614336K), 0.069 secs] [Times: real=0.069 secs] [pid: 21704] [timestamp: 1644548184680] [node: ]
2022-02-11T10:56:24.749+0800: 133.211: [Full GC (Metadata GC Threshold) [PSYoungGen: 44167K->0K(1312256K)] [ParOldGen: 261076K->266060K(531456K)] 305243K->266060K(1843712K), [Metaspace: 160655K->160317K(163776K)], 0.875 secs] [Times: real=0.875 secs] [pid: 21704] [timestamp: 1644548184749] [node: ]
GarbageCollection monitor: Register PS Scavenge for [PS Eden Space, PS Survivor Space]
GarbageCollection monitor: Register PS MarkSweep for [PS Eden Space, PS Survivor Space, PS Old Gen]
2022-02-11T11:16:42.661+0800: 66.866: [GC (Allocation Failure) [PSYoungGen: 1112057K->34907K(1136640K)] 1346921K->285364K(1469952K), 0.126 secs] [Times: real=0.126 secs] [pid: 5812] [timestamp: 1644549402661] [node: ]
2022-02-11T11:21:00.289+0800: 324.494: [GC (Metadata GC Threshold) [PSYoungGen: 472409K->22709K(1307136K)] 722866K->293733K(1640448K), 0.05 secs] [Times: real=0.05 secs] [pid: 5812] [timestamp: 1644549660289] [node: ]
2022-02-11T11:21:00.339+0800: 324.544: [Full GC (Metadata GC Threshold) [PSYoungGen: 22709K->0K(1307136K)] [ParOldGen: 271024K->256259K(541184K)] 293733K->256259K(1848320K), [Metaspace: 160908K->160564K(163968K)], 1.029 secs] [Times: real=1.029 secs] [pid: 5812] [timestamp: 1644549660339] [node: ]
2022-02-11T11:47:57.297+0800: 1941.502: [GC (Allocation Failure) [PSYoungGen: 1272320K->49658K(1321984K)] 1528579K->322906K(1863168K), 0.049 secs] [Times: real=0.049 secs] [pid: 5812] [timestamp: 1644551277297] [node: ]
2022-02-11T12:46:24.117+0800: 5448.322: [GC (Allocation Failure) [PSYoungGen: 1321978K->27311K(1247232K)] 1595226K->357377K(1788416K), 0.074 secs] [Times: real=0.074 secs] [pid: 5812] [timestamp: 1644554784117] [node: ]
2022-02-11T12:57:06.522+0800: 6090.727: [GC (Allocation Failure) [PSYoungGen: 1238516K->59376K(1228800K)] 1568583K->406200K(1769984K), 0.048 secs] [Times: real=0.048 secs] [pid: 5812] [timestamp: 1644555426522] [node: ]
2022-02-11T12:57:34.450+0800: 6118.655: [GC (Allocation Failure) [PSYoungGen: 1228719K->11377K(1133056K)] 1575543K->387774K(1674240K), 0.037 secs] [Times: real=0.037 secs] [pid: 5812] [timestamp: 1644555454450] [node: ]
2022-02-11T12:57:42.253+0800: 6126.458: [GC (Allocation Failure) [PSYoungGen: 1132657K->16289K(1092096K)] 1509054K->392694K(1633280K), 0.017 secs] [Times: real=0.017 secs] [pid: 5812] [timestamp: 1644555462253] [node: ]
2022-02-11T12:59:01.450+0800: 6205.655: [GC (Allocation Failure) [PSYoungGen: 1091928K->11649K(1043968K)] 1468333K->388062K(1585152K), 0.019 secs] [Times: real=0.019 secs] [pid: 5812] [timestamp: 1644555541450] [node: ]
2022-02-11T12:59:36.990+0800: 6241.195: [GC (Allocation Failure) [PSYoungGen: 1041835K->12353K(1003520K)] 1418248K->388774K(1544704K), 0.013 secs] [Times: real=0.013 secs] [pid: 5812] [timestamp: 1644555576990] [node: ]
2022-02-11T13:00:07.705+0800: 6271.91: [GC (Allocation Failure) [PSYoungGen: 1003073K->35212K(986624K)] 1379494K->411633K(1527808K), 0.033 secs] [Times: real=0.033 secs] [pid: 5812] [timestamp: 1644555607705] [node: ]
2022-02-11T13:00:20.128+0800: 6284.333: [GC (Allocation Failure) [PSYoungGen: 986508K->35501K(949760K)] 1362929K->411922K(1490944K), 0.035 secs] [Times: real=0.035 secs] [pid: 5812] [timestamp: 1644555620128] [node: ]
2022-02-11T13:00:59.807+0800: 6324.012: [GC (Allocation Failure) [PSYoungGen: 949421K->47291K(925696K)] 1325842K->423712K(1466880K), 0.042 secs] [Times: real=0.042 secs] [pid: 5812] [timestamp: 1644555659807] [node: ]
2022-02-11T13:04:26.130+0800: 6530.335: [GC (Allocation Failure) [PSYoungGen: 923396K->17645K(862208K)] 1299817K->394074K(1403392K), 0.025 secs] [Times: real=0.025 secs] [pid: 5812] [timestamp: 1644555866130] [node: ]
2022-02-11T13:05:04.496+0800: 6568.701: [GC (Allocation Failure) [PSYoungGen: 859481K->15350K(827392K)] 1235911K->391779K(1368576K), 0.019 secs] [Times: real=0.019 secs] [pid: 5812] [timestamp: 1644555904496] [node: ]
2022-02-11T13:05:11.652+0800: 6575.857: [GC (Allocation Failure) [PSYoungGen: 827381K->15868K(797184K)] 1203810K->392305K(1338368K), 0.017 secs] [Times: real=0.017 secs] [pid: 5812] [timestamp: 1644555911652] [node: ]
GarbageCollection monitor: Register PS Scavenge for [PS Eden Space, PS Survivor Space]
GarbageCollection monitor: Register PS MarkSweep for [PS Eden Space, PS Survivor Space, PS Old Gen]
2022-02-11T13:48:16.516+0800: 235.924: [GC (Allocation Failure) [PSYoungGen: 1016759K->37545K(1045504K)] 1208079K->243439K(1364480K), 0.088 secs] [Times: real=0.088 secs] [pid: 26244] [timestamp: 1644558496516] [node: ]
2022-02-11T13:51:36.624+0800: 436.032: [GC (Allocation Failure) [PSYoungGen: 1027813K->47724K(1178112K)] 1233707K->253642K(1497088K), 0.063 secs] [Times: real=0.063 secs] [pid: 26244] [timestamp: 1644558696624] [node: ]
2022-02-11T14:08:33.793+0800: 1453.201: [GC (Metadata GC Threshold) [PSYoungGen: 952804K->42714K(1124864K)] 1158722K->248640K(1443840K), 0.048 secs] [Times: real=0.048 secs] [pid: 26244] [timestamp: 1644559713793] [node: ]
2022-02-11T14:08:33.842+0800: 1453.25: [Full GC (Metadata GC Threshold) [PSYoungGen: 42714K->0K(1124864K)] [ParOldGen: 205926K->201233K(473600K)] 248640K->201233K(1598464K), [Metaspace: 160910K->160519K(163916K)], 0.721 secs] [Times: real=0.721 secs] [pid: 26244] [timestamp: 1644559713842] [node: ]
2022-02-11T14:21:41.152+0800: 2240.56: [GC (Allocation Failure) [PSYoungGen: 1081856K->34291K(1125376K)] 1283089K->303043K(1598976K), 0.058 secs] [Times: real=0.058 secs] [pid: 26244] [timestamp: 1644560501152] [node: ]
2022-02-11T14:21:46.650+0800: 2246.058: [GC (Allocation Failure) [PSYoungGen: 1125363K->79017K(1179648K)] 1394115K->347777K(1653248K), 0.063 secs] [Times: real=0.063 secs] [pid: 26244] [timestamp: 1644560506650] [node: ]
2022-02-11T14:22:14.376+0800: 2273.784: [GC (Allocation Failure) [PSYoungGen: 1168590K->86147K(1266688K)] 1437350K->354915K(1740288K), 0.069 secs] [Times: real=0.069 secs] [pid: 26244] [timestamp: 1644560534376] [node: ]
2022-02-11T14:22:22.361+0800: 2281.769: [GC (Allocation Failure) [PSYoungGen: 1251521K->101116K(1268736K)] 1520289K->369892K(1742336K), 0.084 secs] [Times: real=0.084 secs] [pid: 26244] [timestamp: 1644560542361] [node: ]
2022-02-11T14:22:38.666+0800: 2298.074: [GC (Allocation Failure) [PSYoungGen: 1268476K->102815K(1233920K)] 1537252K->371599K(1707520K), 0.045 secs] [Times: real=0.045 secs] [pid: 26244] [timestamp: 1644560558666] [node: ]
2022-02-11T14:32:01.794+0800: 2861.202: [GC (Allocation Failure) [PSYoungGen: 1211618K->92352K(1206784K)] 1480402K->361143K(1680384K), 0.046 secs] [Times: real=0.046 secs] [pid: 26244] [timestamp: 1644561121794] [node: ]
2022-02-11T15:00:43.852+0800: 4583.26: [GC (Allocation Failure) [PSYoungGen: 1206464K->92229K(1238016K)] 1475255K->361029K(1711616K), 0.06 secs] [Times: real=0.06 secs] [pid: 26244] [timestamp: 1644562843852] [node: ]
2022-02-11T15:00:51.781+0800: 4591.189: [GC (Allocation Failure) [PSYoungGen: 1187909K->92574K(1188352K)] 1456709K->361382K(1661952K), 0.05 secs] [Times: real=0.05 secs] [pid: 26244] [timestamp: 1644562851781] [node: ]
2022-02-11T15:00:55.371+0800: 4594.779: [GC (Allocation Failure) [PSYoungGen: 1188254K->97753K(1231872K)] 1457062K->366561K(1705472K), 0.044 secs] [Times: real=0.044 secs] [pid: 26244] [timestamp: 1644562855371] [node: ]
2022-02-11T15:01:01.749+0800: 4601.157: [GC (Allocation Failure) [PSYoungGen: 1180121K->92665K(1175040K)] 1448929K->361481K(1648640K), 0.042 secs] [Times: real=0.042 secs] [pid: 26244] [timestamp: 1644562861749] [node: ]
2022-02-11T15:01:11.411+0800: 4610.819: [GC (Allocation Failure) [PSYoungGen: 1175033K->93705K(1234944K)] 1443849K->362529K(1708544K), 0.05 secs] [Times: real=0.05 secs] [pid: 26244] [timestamp: 1644562871411] [node: ]
2022-02-11T15:01:17.981+0800: 4617.389: [GC (Allocation Failure) [PSYoungGen: 1164219K->93689K(1175040K)] 1433043K->362521K(1648640K), 0.041 secs] [Times: real=0.041 secs] [pid: 26244] [timestamp: 1644562877981] [node: ]
2022-02-11T15:03:33.975+0800: 4753.383: [GC (Allocation Failure) [PSYoungGen: 1175033K->109875K(1225216K)] 1443865K->378715K(1698816K), 0.048 secs] [Times: real=0.048 secs] [pid: 26244] [timestamp: 1644563013975] [node: ]
2022-02-11T15:03:44.252+0800: 4763.66: [GC (Allocation Failure) [PSYoungGen: 1182003K->98074K(1230336K)] 1450843K->366914K(1703936K), 0.043 secs] [Times: real=0.043 secs] [pid: 26244] [timestamp: 1644563024252] [node: ]
2022-02-11T15:04:52.926+0800: 4832.334: [GC (GCLocker Initiated GC) [PSYoungGen: 1170202K->98151K(1227264K)] 1439042K->366999K(1700864K), 0.046 secs] [Times: real=0.046 secs] [pid: 26244] [timestamp: 1644563092926] [node: ]
